*** Starting uWSGI 2.0.17.1 (64bit) on [Tue Aug  7 11:10:17 2018] ***
compiled with version: 4.2.1 Compatible Clang 4.0.1 (tags/RELEASE_401/final) on 24 July 2018 07:41:58
os: Darwin-17.5.0 Darwin Kernel Version 17.5.0: Fri Apr 13 19:32:32 PDT 2018; root:xnu-4570.51.2~1/RELEASE_X86_64
nodename: huangqqdeMacBook-Pro.local
machine: x86_64
clock source: unix
pcre jit disabled
detected number of CPU cores: 4
current working directory: /Users/huangqq/PycharmProjects/faiss-search
detected binary path: /Users/huangqq/anaconda2/bin/uwsgi
uWSGI running as root, you can use --uid/--gid/--chroot options
*** WARNING: you are running uWSGI as root !!! (use the --uid flag) *** 
chdir() to /Users/huangqq/PycharmProjects/faiss-search/src
your processes number limit is 1418
your memory page size is 4096 bytes
detected max file descriptor number: 10240
lock engine: OSX spinlocks
thunder lock: disabled (you can enable it with --thunder-lock)
uWSGI http bound on :5000 fd 4
uwsgi socket 0 bound to TCP address 127.0.0.1:53672 (port auto-assigned) fd 3
uWSGI running as root, you can use --uid/--gid/--chroot options
*** WARNING: you are running uWSGI as root !!! (use the --uid flag) *** 
Python version: 2.7.15 |Anaconda, Inc.| (default, May  1 2018, 18:37:05)  [GCC 4.2.1 Compatible Clang 4.0.1 (tags/RELEASE_401/final)]
Python main interpreter initialized at 0x7f9879e00e20
uWSGI running as root, you can use --uid/--gid/--chroot options
*** WARNING: you are running uWSGI as root !!! (use the --uid flag) *** 
python threads support enabled
your server socket listen backlog is limited to 1024 connections
your mercy for graceful operations on workers is 60 seconds
mapped 333408 bytes (325 KB) for 10 cores
*** Operational MODE: threaded ***
initialized 101 metrics
memory allocated for metrics storage: 413696 bytes (0 MB)
=====start=====
定时
[uwsgi-signal] signum 1 registered (wid: 0 modifier1: 0 target: workers)
Getting Faiss index
WSGI app 0 (mountpoint='') ready in 2 seconds on interpreter 0x7f9879e00e20 pid: 51455 (default app)
uWSGI running as root, you can use --uid/--gid/--chroot options
*** WARNING: you are running uWSGI as root !!! (use the --uid flag) *** 
*** uWSGI is running in multiple interpreter mode ***
spawned uWSGI master process (pid: 51455)
spawned uWSGI worker 1 (pid: 51458, cores: 10)
metrics collector thread started
spawned uWSGI http 1 (pid: 51459)
[pid: 51458|app: 0|req: 1/1] 127.0.0.1 () {38 vars in 504 bytes} [Tue Aug  7 11:10:37 2018] POST /ping => generated 178 bytes in 13 msecs (HTTP/1.1 405) 3 headers in 108 bytes (1 switches on core 0)
--------------------------------------------------------------------------------
INFO in blueprint [./faiss_index/blueprint.py:70]:
search use :  0.0457 second
--------------------------------------------------------------------------------
[pid: 51458|app: 0|req: 2/2] 127.0.0.1 () {38 vars in 519 bytes} [Tue Aug  7 11:10:55 2018] POST /faiss/search => generated 47 bytes in 61 msecs (HTTP/1.1 200) 2 headers in 79 bytes (1 switches on core 1)
--------------------------------------------------------------------------------
INFO in blueprint [./faiss_index/blueprint.py:70]:
search use :  0.0072 second
--------------------------------------------------------------------------------
[pid: 51458|app: 0|req: 3/3] 127.0.0.1 () {38 vars in 519 bytes} [Tue Aug  7 11:10:58 2018] POST /faiss/search => generated 47 bytes in 8 msecs (HTTP/1.1 200) 2 headers in 79 bytes (1 switches on core 7)
--------------------------------------------------------------------------------
INFO in blueprint [./faiss_index/blueprint.py:70]:
search use :  0.0058 second
--------------------------------------------------------------------------------
[pid: 51458|app: 0|req: 4/4] 127.0.0.1 () {38 vars in 519 bytes} [Tue Aug  7 11:11:00 2018] POST /faiss/search => generated 47 bytes in 6 msecs (HTTP/1.1 200) 2 headers in 79 bytes (1 switches on core 3)
Tue Aug  7 11:13:37 2018 - uWSGI worker 1 screams: UAAAAAAH my master disconnected: i will kill myself !!!
Tue Aug  7 11:13:37 2018 - uWSGI worker 1 screams: UAAAAAAH my master disconnected: i will kill myself !!!
Tue Aug  7 11:13:37 2018 - uWSGI worker 1 screams: UAAAAAAH my master disconnected: i will kill myself !!!
